c:\githubprojects\matriceutil\matriceutil\x64\debug\vc140.pdb
c:\githubprojects\matriceutil\matriceutil\x64\debug\vc140.idb
c:\githubprojects\matriceutil\matriceutil\x64\debug\generator.nativecodeanalysis.xml
c:\githubprojects\matriceutil\matriceutil\x64\debug\main.nativecodeanalysis.xml
c:\githubprojects\matriceutil\matriceutil\x64\debug\matrice.nativecodeanalysis.xml
c:\githubprojects\matriceutil\matriceutil\x64\debug\matrice.obj
c:\githubprojects\matriceutil\matriceutil\x64\debug\main.obj
c:\githubprojects\matriceutil\matriceutil\x64\debug\generator.obj
c:\githubprojects\matriceutil\x64\debug\matriceutil.ilk
c:\githubprojects\matriceutil\x64\debug\matriceutil.exe
c:\githubprojects\matriceutil\x64\debug\matriceutil.pdb
c:\githubprojects\matriceutil\matriceutil\x64\debug\nativecodeanalysis.read.1.tlog
c:\githubprojects\matriceutil\matriceutil\x64\debug\vc.nativecodeanalysis.all.xml
c:\githubprojects\matriceutil\x64\debug\matriceutil.exe.lastcodeanalysissucceeded
c:\githubprojects\matriceutil\matriceutil\x64\debug\matriceutil.tlog\cl.command.1.tlog
c:\githubprojects\matriceutil\matriceutil\x64\debug\matriceutil.tlog\cl.read.1.tlog
c:\githubprojects\matriceutil\matriceutil\x64\debug\matriceutil.tlog\cl.write.1.tlog
c:\githubprojects\matriceutil\matriceutil\x64\debug\matriceutil.tlog\link.command.1.tlog
c:\githubprojects\matriceutil\matriceutil\x64\debug\matriceutil.tlog\link.read.1.tlog
c:\githubprojects\matriceutil\matriceutil\x64\debug\matriceutil.tlog\link.write.1.tlog
